2024-10-04 14:05:04.4724 [INFO; Root]  KinematicSoup Technologies Inc.
2024-10-04 14:05:04.4905 [INFO; Root]  Reactor Server 1.0.1
2024-10-04 14:05:04.6406 [DEBUG; Root]  Loading Asset Scripts
2024-10-04 14:05:04.6436 [DEBUG; Root]  Loading Room Configs
2024-10-04 14:05:04.6556 [DEBUG; Root]  Initializing PhysX
2024-10-04 14:05:04.6795 [DEBUG; Root]  Loading PhysX geometry
2024-10-04 14:05:04.6835 [INFO; Root]  Loaded 3 geometries
2024-10-04 14:05:04.6835 [WARNING; System.Type]  Unable to locate geometry file geometry.Map.dat
2024-10-04 14:05:04.6835 [DEBUG; Root]  Loading entity prefabs
2024-10-04 14:05:04.7075 [INFO; Root]  Loaded 3 entity prefabs
2024-10-04 14:05:04.7075 [DEBUG; Root]  Loading entity instances
2024-10-04 14:05:04.7334 [DEBUG; Root]  Initializing scripts
2024-10-04 14:05:04.7454 [DEBUG; Root]  Room setup complete
2024-10-04 14:05:04.7464 [INFO; Reactor.ServerRoom]  Starting room 1
2024-10-04 14:05:04.7464 [INFO; Root]  Sending client updates every 2 frames
2024-10-04 14:05:04.7464 [INFO; Root]  Attempting to sync simulation time to match elapsed time.
2024-10-04 14:05:04.7464 [INFO; Root]  Opening TCP port 8000
2024-10-04 14:05:04.7483 [INFO; Root]  Opening RUDP port 8000
2024-10-04 14:05:09.3184 [INFO; Root]  Client(id = 1, address = 127.0.0.1:59688) connected
2024-10-04 14:05:09.3234 [DEBUG; Root]  Client(id = 1, address = 127.0.0.1:59688) model validated
2024-10-04 14:05:09.3394 [DEBUG; Root]  Client(id = 1, address = 127.0.0.1:59688) authenticated
2024-10-04 14:05:09.3529 [INFO; Root]  Player 1 joined
2024-10-04 14:05:36.0558 [INFO; Root]  Client(id = 1, address = 127.0.0.1:59688) disconnected: 2-End of file
2024-10-04 14:05:36.0668 [INFO; Root]  Player 1 left
